<?xml version="1.0" encoding="UTF-8"?>
<testsuite xmlns:xsi="http://www.w3.org/2001/XMLSchema-instance" xsi:noNamespaceSchemaLocation="https://maven.apache.org/surefire/maven-surefire-plugin/xsd/surefire-test-report.xsd" name="uw.edu.fountainejf.TestSuite" time="1.898" tests="18" errors="18" skipped="0" failures="0">
  <properties>
    <property name="gopherProxySet" value="false"/>
    <property name="awt.toolkit" value="sun.lwawt.macosx.LWCToolkit"/>
    <property name="file.encoding.pkg" value="sun.io"/>
    <property name="java.specification.version" value="1.8"/>
    <property name="sun.cpu.isalist" value=""/>
    <property name="sun.jnu.encoding" value="UTF-8"/>
    <property name="java.class.path" value="/Users/jeremyf/personalProjects/javaClassThree/cp130-assignment01/target/test-classes:/Users/jeremyf/personalProjects/javaClassThree/cp130-assignment01/target/classes:/Users/jeremyf/.m2/repository/org/slf4j/slf4j-jdk14/1.7.12/slf4j-jdk14-1.7.12.jar:/Users/jeremyf/.m2/repository/org/slf4j/slf4j-api/1.7.12/slf4j-api-1.7.12.jar:/Users/jeremyf/.m2/repository/edu/uw/ext/cp130-framework/1.0/cp130-framework-1.0.jar:/Users/jeremyf/.m2/repository/edu/uw/ext/cp130-framework/1.0/cp130-framework-1.0-tests.jar:/Users/jeremyf/.m2/repository/junit/junit/4.12/junit-4.12.jar:/Users/jeremyf/.m2/repository/org/hamcrest/hamcrest-core/1.3/hamcrest-core-1.3.jar:/Users/jeremyf/.m2/repository/org/springframework/spring-context/3.2.4.RELEASE/spring-context-3.2.4.RELEASE.jar:/Users/jeremyf/.m2/repository/org/springframework/spring-aop/3.2.4.RELEASE/spring-aop-3.2.4.RELEASE.jar:/Users/jeremyf/.m2/repository/aopalliance/aopalliance/1.0/aopalliance-1.0.jar:/Users/jeremyf/.m2/repository/org/springframework/spring-beans/3.2.4.RELEASE/spring-beans-3.2.4.RELEASE.jar:/Users/jeremyf/.m2/repository/org/springframework/spring-core/3.2.4.RELEASE/spring-core-3.2.4.RELEASE.jar:/Users/jeremyf/.m2/repository/commons-logging/commons-logging/1.1.1/commons-logging-1.1.1.jar:/Users/jeremyf/.m2/repository/org/springframework/spring-expression/3.2.4.RELEASE/spring-expression-3.2.4.RELEASE.jar:/Users/jeremyf/.m2/repository/edu/uw/ext/cp125-support/1.0/cp125-support-1.0.jar:/Users/jeremyf/.m2/repository/org/apache/derby/derby/10.13.1.1/derby-10.13.1.1.jar:/Users/jeremyf/.m2/repository/org/apache/derby/derbyclient/10.13.1.1/derbyclient-10.13.1.1.jar:/Users/jeremyf/.m2/repository/org/apache/derby/derbynet/10.13.1.1/derbynet-10.13.1.1.jar:"/>
    <property name="java.vm.vendor" value="Oracle Corporation"/>
    <property name="sun.arch.data.model" value="64"/>
    <property name="java.vendor.url" value="http://java.oracle.com/"/>
    <property name="user.timezone" value=""/>
    <property name="java.vm.specification.version" value="1.8"/>
    <property name="os.name" value="Mac OS X"/>
    <property name="user.country" value="US"/>
    <property name="sun.java.launcher" value="SUN_STANDARD"/>
    <property name="sun.boot.library.path" value="/Library/Java/JavaVirtualMachines/jdk1.8.0_102.jdk/Contents/Home/jre/lib"/>
    <property name="sun.java.command" value="/Users/jeremyf/personalProjects/javaClassThree/cp130-assignment01/target/surefire/surefirebooter5992329847693850330.jar /Users/jeremyf/personalProjects/javaClassThree/cp130-assignment01/target/surefire 2018-07-01T20-37-50_008-jvmRun1 surefire6235659517435433676tmp surefire_04938536884191878155tmp"/>
    <property name="surefire.test.class.path" value="/Users/jeremyf/personalProjects/javaClassThree/cp130-assignment01/target/test-classes:/Users/jeremyf/personalProjects/javaClassThree/cp130-assignment01/target/classes:/Users/jeremyf/.m2/repository/org/slf4j/slf4j-jdk14/1.7.12/slf4j-jdk14-1.7.12.jar:/Users/jeremyf/.m2/repository/org/slf4j/slf4j-api/1.7.12/slf4j-api-1.7.12.jar:/Users/jeremyf/.m2/repository/edu/uw/ext/cp130-framework/1.0/cp130-framework-1.0.jar:/Users/jeremyf/.m2/repository/edu/uw/ext/cp130-framework/1.0/cp130-framework-1.0-tests.jar:/Users/jeremyf/.m2/repository/junit/junit/4.12/junit-4.12.jar:/Users/jeremyf/.m2/repository/org/hamcrest/hamcrest-core/1.3/hamcrest-core-1.3.jar:/Users/jeremyf/.m2/repository/org/springframework/spring-context/3.2.4.RELEASE/spring-context-3.2.4.RELEASE.jar:/Users/jeremyf/.m2/repository/org/springframework/spring-aop/3.2.4.RELEASE/spring-aop-3.2.4.RELEASE.jar:/Users/jeremyf/.m2/repository/aopalliance/aopalliance/1.0/aopalliance-1.0.jar:/Users/jeremyf/.m2/repository/org/springframework/spring-beans/3.2.4.RELEASE/spring-beans-3.2.4.RELEASE.jar:/Users/jeremyf/.m2/repository/org/springframework/spring-core/3.2.4.RELEASE/spring-core-3.2.4.RELEASE.jar:/Users/jeremyf/.m2/repository/commons-logging/commons-logging/1.1.1/commons-logging-1.1.1.jar:/Users/jeremyf/.m2/repository/org/springframework/spring-expression/3.2.4.RELEASE/spring-expression-3.2.4.RELEASE.jar:/Users/jeremyf/.m2/repository/edu/uw/ext/cp125-support/1.0/cp125-support-1.0.jar:/Users/jeremyf/.m2/repository/org/apache/derby/derby/10.13.1.1/derby-10.13.1.1.jar:/Users/jeremyf/.m2/repository/org/apache/derby/derbyclient/10.13.1.1/derbyclient-10.13.1.1.jar:/Users/jeremyf/.m2/repository/org/apache/derby/derbynet/10.13.1.1/derbynet-10.13.1.1.jar:"/>
    <property name="sun.cpu.endian" value="little"/>
    <property name="user.home" value="/Users/jeremyf"/>
    <property name="user.language" value="en"/>
    <property name="java.specification.vendor" value="Oracle Corporation"/>
    <property name="java.home" value="/Library/Java/JavaVirtualMachines/jdk1.8.0_102.jdk/Contents/Home/jre"/>
    <property name="basedir" value="/Users/jeremyf/personalProjects/javaClassThree/cp130-assignment01"/>
    <property name="file.separator" value="/"/>
    <property name="line.separator" value="&#10;"/>
    <property name="java.vm.specification.vendor" value="Oracle Corporation"/>
    <property name="java.specification.name" value="Java Platform API Specification"/>
    <property name="java.awt.graphicsenv" value="sun.awt.CGraphicsEnvironment"/>
    <property name="surefire.real.class.path" value="/Users/jeremyf/personalProjects/javaClassThree/cp130-assignment01/target/surefire/surefirebooter5992329847693850330.jar"/>
    <property name="sun.boot.class.path" value="/Library/Java/JavaVirtualMachines/jdk1.8.0_102.jdk/Contents/Home/jre/lib/resources.jar:/Library/Java/JavaVirtualMachines/jdk1.8.0_102.jdk/Contents/Home/jre/lib/rt.jar:/Library/Java/JavaVirtualMachines/jdk1.8.0_102.jdk/Contents/Home/jre/lib/sunrsasign.jar:/Library/Java/JavaVirtualMachines/jdk1.8.0_102.jdk/Contents/Home/jre/lib/jsse.jar:/Library/Java/JavaVirtualMachines/jdk1.8.0_102.jdk/Contents/Home/jre/lib/jce.jar:/Library/Java/JavaVirtualMachines/jdk1.8.0_102.jdk/Contents/Home/jre/lib/charsets.jar:/Library/Java/JavaVirtualMachines/jdk1.8.0_102.jdk/Contents/Home/jre/lib/jfr.jar:/Library/Java/JavaVirtualMachines/jdk1.8.0_102.jdk/Contents/Home/jre/classes"/>
    <property name="sun.management.compiler" value="HotSpot 64-Bit Tiered Compilers"/>
    <property name="java.runtime.version" value="1.8.0_102-b14"/>
    <property name="user.name" value="jeremyf"/>
    <property name="path.separator" value=":"/>
    <property name="os.version" value="10.12.6"/>
    <property name="java.endorsed.dirs" value="/Library/Java/JavaVirtualMachines/jdk1.8.0_102.jdk/Contents/Home/jre/lib/endorsed"/>
    <property name="java.runtime.name" value="Java(TM) SE Runtime Environment"/>
    <property name="file.encoding" value="UTF-8"/>
    <property name="java.vm.name" value="Java HotSpot(TM) 64-Bit Server VM"/>
    <property name="localRepository" value="/Users/jeremyf/.m2/repository"/>
    <property name="java.vendor.url.bug" value="http://bugreport.sun.com/bugreport/"/>
    <property name="java.io.tmpdir" value="/var/folders/d6/mlcn0rcn71q_vpmknm9n8lt00000gn/T/"/>
    <property name="java.version" value="1.8.0_102"/>
    <property name="user.dir" value="/Users/jeremyf/personalProjects/javaClassThree/cp130-assignment01"/>
    <property name="os.arch" value="x86_64"/>
    <property name="java.vm.specification.name" value="Java Virtual Machine Specification"/>
    <property name="java.awt.printerjob" value="sun.lwawt.macosx.CPrinterJob"/>
    <property name="sun.os.patch.level" value="unknown"/>
    <property name="java.library.path" value="/Users/jeremyf/Library/Java/Extensions:/Library/Java/Extensions:/Network/Library/Java/Extensions:/System/Library/Java/Extensions:/usr/lib/java:."/>
    <property name="java.vm.info" value="mixed mode"/>
    <property name="java.vendor" value="Oracle Corporation"/>
    <property name="java.vm.version" value="25.102-b14"/>
    <property name="java.ext.dirs" value="/Users/jeremyf/Library/Java/Extensions:/Library/Java/JavaVirtualMachines/jdk1.8.0_102.jdk/Contents/Home/jre/lib/ext:/Library/Java/Extensions:/Network/Library/Java/Extensions:/System/Library/Java/Extensions:/usr/lib/java"/>
    <property name="sun.io.unicode.encoding" value="UnicodeBig"/>
    <property name="java.class.version" value="52.0"/>
  </properties>
  <testcase name="testBadNameAccountCreation" classname="test.AccountTest" time="0.692">
    <error message="Cannot find class [uw.edu.fountainejf.SimpleAccountManagerFactory] for bean with name &apos;AccountManagerFactory&apos; defined in class path resource [context.xml]; nested exception is java.lang.ClassNotFoundException: uw.edu.fountainejf.SimpleAccountManagerFactory" type="org.springframework.beans.factory.CannotLoadBeanClassException">org.springframework.beans.factory.CannotLoadBeanClassException: Cannot find class [uw.edu.fountainejf.SimpleAccountManagerFactory] for bean with name 'AccountManagerFactory' defined in class path resource [context.xml]; nested exception is java.lang.ClassNotFoundException: uw.edu.fountainejf.SimpleAccountManagerFactory
	at test.AccountTest.setUp(AccountTest.java:102)
Caused by: java.lang.ClassNotFoundException: uw.edu.fountainejf.SimpleAccountManagerFactory
	at test.AccountTest.setUp(AccountTest.java:102)
</error>
    <system-err><![CDATA[Jul 01, 2018 8:37:52 PM org.springframework.context.support.AbstractApplicationContext prepareRefresh
INFO: Refreshing org.springframework.context.support.ClassPathXmlApplicationContext@511baa65: startup date [Sun Jul 01 20:37:52 PDT 2018]; root of context hierarchy
Jul 01, 2018 8:37:52 PM org.springframework.beans.factory.xml.XmlBeanDefinitionReader loadBeanDefinitions
INFO: Loading XML bean definitions from class path resource [context.xml]
Jul 01, 2018 8:37:52 PM org.springframework.beans.factory.support.DefaultListableBeanFactory preInstantiateSingletons
INFO: Pre-instantiating singletons in org.springframework.beans.factory.support.DefaultListableBeanFactory@646d64ab: defining beans [AccountFactory,Address,CreditCard,Account,AccountManagerFactory,DaoFactory]; root of factory hierarchy
Jul 01, 2018 8:37:52 PM org.springframework.beans.factory.support.DefaultSingletonBeanRegistry destroySingletons
INFO: Destroying singletons in org.springframework.beans.factory.support.DefaultListableBeanFactory@646d64ab: defining beans [AccountFactory,Address,CreditCard,Account,AccountManagerFactory,DaoFactory]; root of factory hierarchy
]]></system-err>
  </testcase>
  <testcase name="testBadBalanceAccountCreation" classname="test.AccountTest" time="0.108">
    <error message="Cannot find class [uw.edu.fountainejf.SimpleAccountManagerFactory] for bean with name &apos;AccountManagerFactory&apos; defined in class path resource [context.xml]; nested exception is java.lang.ClassNotFoundException: uw.edu.fountainejf.SimpleAccountManagerFactory" type="org.springframework.beans.factory.CannotLoadBeanClassException">org.springframework.beans.factory.CannotLoadBeanClassException: Cannot find class [uw.edu.fountainejf.SimpleAccountManagerFactory] for bean with name 'AccountManagerFactory' defined in class path resource [context.xml]; nested exception is java.lang.ClassNotFoundException: uw.edu.fountainejf.SimpleAccountManagerFactory
	at test.AccountTest.setUp(AccountTest.java:102)
Caused by: java.lang.ClassNotFoundException: uw.edu.fountainejf.SimpleAccountManagerFactory
	at test.AccountTest.setUp(AccountTest.java:102)
</error>
    <system-err><![CDATA[Jul 01, 2018 8:37:52 PM org.springframework.context.support.AbstractApplicationContext prepareRefresh
INFO: Refreshing org.springframework.context.support.ClassPathXmlApplicationContext@1b26f7b2: startup date [Sun Jul 01 20:37:52 PDT 2018]; root of context hierarchy
Jul 01, 2018 8:37:52 PM org.springframework.beans.factory.xml.XmlBeanDefinitionReader loadBeanDefinitions
INFO: Loading XML bean definitions from class path resource [context.xml]
Jul 01, 2018 8:37:52 PM org.springframework.beans.factory.support.DefaultListableBeanFactory preInstantiateSingletons
INFO: Pre-instantiating singletons in org.springframework.beans.factory.support.DefaultListableBeanFactory@7cbd213e: defining beans [AccountFactory,Address,CreditCard,Account,AccountManagerFactory,DaoFactory]; root of factory hierarchy
Jul 01, 2018 8:37:52 PM org.springframework.beans.factory.support.DefaultSingletonBeanRegistry destroySingletons
INFO: Destroying singletons in org.springframework.beans.factory.support.DefaultListableBeanFactory@7cbd213e: defining beans [AccountFactory,Address,CreditCard,Account,AccountManagerFactory,DaoFactory]; root of factory hierarchy
]]></system-err>
  </testcase>
  <testcase name="testGoodAccountCreation" classname="test.AccountTest" time="0.108">
    <error message="Cannot find class [uw.edu.fountainejf.SimpleAccountManagerFactory] for bean with name &apos;AccountManagerFactory&apos; defined in class path resource [context.xml]; nested exception is java.lang.ClassNotFoundException: uw.edu.fountainejf.SimpleAccountManagerFactory" type="org.springframework.beans.factory.CannotLoadBeanClassException">org.springframework.beans.factory.CannotLoadBeanClassException: Cannot find class [uw.edu.fountainejf.SimpleAccountManagerFactory] for bean with name 'AccountManagerFactory' defined in class path resource [context.xml]; nested exception is java.lang.ClassNotFoundException: uw.edu.fountainejf.SimpleAccountManagerFactory
	at test.AccountTest.setUp(AccountTest.java:102)
Caused by: java.lang.ClassNotFoundException: uw.edu.fountainejf.SimpleAccountManagerFactory
	at test.AccountTest.setUp(AccountTest.java:102)
</error>
    <system-err><![CDATA[Jul 01, 2018 8:37:52 PM org.springframework.context.support.AbstractApplicationContext prepareRefresh
INFO: Refreshing org.springframework.context.support.ClassPathXmlApplicationContext@192d3247: startup date [Sun Jul 01 20:37:52 PDT 2018]; root of context hierarchy
Jul 01, 2018 8:37:52 PM org.springframework.beans.factory.xml.XmlBeanDefinitionReader loadBeanDefinitions
INFO: Loading XML bean definitions from class path resource [context.xml]
Jul 01, 2018 8:37:52 PM org.springframework.beans.factory.support.DefaultListableBeanFactory preInstantiateSingletons
INFO: Pre-instantiating singletons in org.springframework.beans.factory.support.DefaultListableBeanFactory@543c6f6d: defining beans [AccountFactory,Address,CreditCard,Account,AccountManagerFactory,DaoFactory]; root of factory hierarchy
Jul 01, 2018 8:37:52 PM org.springframework.beans.factory.support.DefaultSingletonBeanRegistry destroySingletons
INFO: Destroying singletons in org.springframework.beans.factory.support.DefaultListableBeanFactory@543c6f6d: defining beans [AccountFactory,Address,CreditCard,Account,AccountManagerFactory,DaoFactory]; root of factory hierarchy
]]></system-err>
  </testcase>
  <testcase name="testSetAccountName" classname="test.AccountTest" time="0.096">
    <error message="Cannot find class [uw.edu.fountainejf.SimpleAccountManagerFactory] for bean with name &apos;AccountManagerFactory&apos; defined in class path resource [context.xml]; nested exception is java.lang.ClassNotFoundException: uw.edu.fountainejf.SimpleAccountManagerFactory" type="org.springframework.beans.factory.CannotLoadBeanClassException">org.springframework.beans.factory.CannotLoadBeanClassException: Cannot find class [uw.edu.fountainejf.SimpleAccountManagerFactory] for bean with name 'AccountManagerFactory' defined in class path resource [context.xml]; nested exception is java.lang.ClassNotFoundException: uw.edu.fountainejf.SimpleAccountManagerFactory
	at test.AccountTest.setUp(AccountTest.java:102)
Caused by: java.lang.ClassNotFoundException: uw.edu.fountainejf.SimpleAccountManagerFactory
	at test.AccountTest.setUp(AccountTest.java:102)
</error>
    <system-err><![CDATA[Jul 01, 2018 8:37:52 PM org.springframework.context.support.AbstractApplicationContext prepareRefresh
INFO: Refreshing org.springframework.context.support.ClassPathXmlApplicationContext@13eb8acf: startup date [Sun Jul 01 20:37:52 PDT 2018]; root of context hierarchy
Jul 01, 2018 8:37:52 PM org.springframework.beans.factory.xml.XmlBeanDefinitionReader loadBeanDefinitions
INFO: Loading XML bean definitions from class path resource [context.xml]
Jul 01, 2018 8:37:52 PM org.springframework.beans.factory.support.DefaultListableBeanFactory preInstantiateSingletons
INFO: Pre-instantiating singletons in org.springframework.beans.factory.support.DefaultListableBeanFactory@7e0e6aa2: defining beans [AccountFactory,Address,CreditCard,Account,AccountManagerFactory,DaoFactory]; root of factory hierarchy
Jul 01, 2018 8:37:52 PM org.springframework.beans.factory.support.DefaultSingletonBeanRegistry destroySingletons
INFO: Destroying singletons in org.springframework.beans.factory.support.DefaultListableBeanFactory@7e0e6aa2: defining beans [AccountFactory,Address,CreditCard,Account,AccountManagerFactory,DaoFactory]; root of factory hierarchy
]]></system-err>
  </testcase>
  <testcase name="testReloadFile" classname="test.AccountManagerTest" time="0.096">
    <error message="Cannot find class [uw.edu.fountainejf.SimpleAccountManagerFactory] for bean with name &apos;AccountManagerFactory&apos; defined in class path resource [context.xml]; nested exception is java.lang.ClassNotFoundException: uw.edu.fountainejf.SimpleAccountManagerFactory" type="org.springframework.beans.factory.CannotLoadBeanClassException">org.springframework.beans.factory.CannotLoadBeanClassException: Cannot find class [uw.edu.fountainejf.SimpleAccountManagerFactory] for bean with name 'AccountManagerFactory' defined in class path resource [context.xml]; nested exception is java.lang.ClassNotFoundException: uw.edu.fountainejf.SimpleAccountManagerFactory
	at test.AccountManagerTest.setUp(AccountManagerTest.java:83)
Caused by: java.lang.ClassNotFoundException: uw.edu.fountainejf.SimpleAccountManagerFactory
	at test.AccountManagerTest.setUp(AccountManagerTest.java:83)
</error>
    <system-err><![CDATA[Jul 01, 2018 8:37:52 PM org.springframework.context.support.AbstractApplicationContext prepareRefresh
INFO: Refreshing org.springframework.context.support.ClassPathXmlApplicationContext@5c072e3f: startup date [Sun Jul 01 20:37:52 PDT 2018]; root of context hierarchy
Jul 01, 2018 8:37:52 PM org.springframework.beans.factory.xml.XmlBeanDefinitionReader loadBeanDefinitions
INFO: Loading XML bean definitions from class path resource [context.xml]
Jul 01, 2018 8:37:52 PM org.springframework.beans.factory.support.DefaultListableBeanFactory preInstantiateSingletons
INFO: Pre-instantiating singletons in org.springframework.beans.factory.support.DefaultListableBeanFactory@df27fae: defining beans [AccountFactory,Address,CreditCard,Account,AccountManagerFactory,DaoFactory]; root of factory hierarchy
Jul 01, 2018 8:37:52 PM org.springframework.beans.factory.support.DefaultSingletonBeanRegistry destroySingletons
INFO: Destroying singletons in org.springframework.beans.factory.support.DefaultListableBeanFactory@df27fae: defining beans [AccountFactory,Address,CreditCard,Account,AccountManagerFactory,DaoFactory]; root of factory hierarchy
]]></system-err>
  </testcase>
  <testcase name="testCreateDuplicateUsername" classname="test.AccountManagerTest" time="0.036">
    <error message="Cannot find class [uw.edu.fountainejf.SimpleAccountManagerFactory] for bean with name &apos;AccountManagerFactory&apos; defined in class path resource [context.xml]; nested exception is java.lang.ClassNotFoundException: uw.edu.fountainejf.SimpleAccountManagerFactory" type="org.springframework.beans.factory.CannotLoadBeanClassException">org.springframework.beans.factory.CannotLoadBeanClassException: Cannot find class [uw.edu.fountainejf.SimpleAccountManagerFactory] for bean with name 'AccountManagerFactory' defined in class path resource [context.xml]; nested exception is java.lang.ClassNotFoundException: uw.edu.fountainejf.SimpleAccountManagerFactory
	at test.AccountManagerTest.setUp(AccountManagerTest.java:83)
Caused by: java.lang.ClassNotFoundException: uw.edu.fountainejf.SimpleAccountManagerFactory
	at test.AccountManagerTest.setUp(AccountManagerTest.java:83)
</error>
    <system-err><![CDATA[Jul 01, 2018 8:37:52 PM org.springframework.context.support.AbstractApplicationContext prepareRefresh
INFO: Refreshing org.springframework.context.support.ClassPathXmlApplicationContext@24a35978: startup date [Sun Jul 01 20:37:52 PDT 2018]; root of context hierarchy
Jul 01, 2018 8:37:52 PM org.springframework.beans.factory.xml.XmlBeanDefinitionReader loadBeanDefinitions
INFO: Loading XML bean definitions from class path resource [context.xml]
Jul 01, 2018 8:37:52 PM org.springframework.beans.factory.support.DefaultListableBeanFactory preInstantiateSingletons
INFO: Pre-instantiating singletons in org.springframework.beans.factory.support.DefaultListableBeanFactory@5fdba6f9: defining beans [AccountFactory,Address,CreditCard,Account,AccountManagerFactory,DaoFactory]; root of factory hierarchy
Jul 01, 2018 8:37:52 PM org.springframework.beans.factory.support.DefaultSingletonBeanRegistry destroySingletons
INFO: Destroying singletons in org.springframework.beans.factory.support.DefaultListableBeanFactory@5fdba6f9: defining beans [AccountFactory,Address,CreditCard,Account,AccountManagerFactory,DaoFactory]; root of factory hierarchy
]]></system-err>
  </testcase>
  <testcase name="testClose" classname="test.AccountManagerTest" time="0.067">
    <error message="Cannot find class [uw.edu.fountainejf.SimpleAccountManagerFactory] for bean with name &apos;AccountManagerFactory&apos; defined in class path resource [context.xml]; nested exception is java.lang.ClassNotFoundException: uw.edu.fountainejf.SimpleAccountManagerFactory" type="org.springframework.beans.factory.CannotLoadBeanClassException">org.springframework.beans.factory.CannotLoadBeanClassException: Cannot find class [uw.edu.fountainejf.SimpleAccountManagerFactory] for bean with name 'AccountManagerFactory' defined in class path resource [context.xml]; nested exception is java.lang.ClassNotFoundException: uw.edu.fountainejf.SimpleAccountManagerFactory
	at test.AccountManagerTest.setUp(AccountManagerTest.java:83)
Caused by: java.lang.ClassNotFoundException: uw.edu.fountainejf.SimpleAccountManagerFactory
	at test.AccountManagerTest.setUp(AccountManagerTest.java:83)
</error>
    <system-err><![CDATA[Jul 01, 2018 8:37:52 PM org.springframework.context.support.AbstractApplicationContext prepareRefresh
INFO: Refreshing org.springframework.context.support.ClassPathXmlApplicationContext@10d59286: startup date [Sun Jul 01 20:37:52 PDT 2018]; root of context hierarchy
Jul 01, 2018 8:37:53 PM org.springframework.beans.factory.xml.XmlBeanDefinitionReader loadBeanDefinitions
INFO: Loading XML bean definitions from class path resource [context.xml]
Jul 01, 2018 8:37:53 PM org.springframework.beans.factory.support.DefaultListableBeanFactory preInstantiateSingletons
INFO: Pre-instantiating singletons in org.springframework.beans.factory.support.DefaultListableBeanFactory@6d3af739: defining beans [AccountFactory,Address,CreditCard,Account,AccountManagerFactory,DaoFactory]; root of factory hierarchy
Jul 01, 2018 8:37:53 PM org.springframework.beans.factory.support.DefaultSingletonBeanRegistry destroySingletons
INFO: Destroying singletons in org.springframework.beans.factory.support.DefaultListableBeanFactory@6d3af739: defining beans [AccountFactory,Address,CreditCard,Account,AccountManagerFactory,DaoFactory]; root of factory hierarchy
]]></system-err>
  </testcase>
  <testcase name="testPersist" classname="test.AccountManagerTest" time="0.074">
    <error message="Cannot find class [uw.edu.fountainejf.SimpleAccountManagerFactory] for bean with name &apos;AccountManagerFactory&apos; defined in class path resource [context.xml]; nested exception is java.lang.ClassNotFoundException: uw.edu.fountainejf.SimpleAccountManagerFactory" type="org.springframework.beans.factory.CannotLoadBeanClassException">org.springframework.beans.factory.CannotLoadBeanClassException: Cannot find class [uw.edu.fountainejf.SimpleAccountManagerFactory] for bean with name 'AccountManagerFactory' defined in class path resource [context.xml]; nested exception is java.lang.ClassNotFoundException: uw.edu.fountainejf.SimpleAccountManagerFactory
	at test.AccountManagerTest.setUp(AccountManagerTest.java:83)
Caused by: java.lang.ClassNotFoundException: uw.edu.fountainejf.SimpleAccountManagerFactory
	at test.AccountManagerTest.setUp(AccountManagerTest.java:83)
</error>
    <system-err><![CDATA[Jul 01, 2018 8:37:53 PM org.springframework.context.support.AbstractApplicationContext prepareRefresh
INFO: Refreshing org.springframework.context.support.ClassPathXmlApplicationContext@1da51a35: startup date [Sun Jul 01 20:37:53 PDT 2018]; root of context hierarchy
Jul 01, 2018 8:37:53 PM org.springframework.beans.factory.xml.XmlBeanDefinitionReader loadBeanDefinitions
INFO: Loading XML bean definitions from class path resource [context.xml]
Jul 01, 2018 8:37:53 PM org.springframework.beans.factory.support.DefaultListableBeanFactory preInstantiateSingletons
INFO: Pre-instantiating singletons in org.springframework.beans.factory.support.DefaultListableBeanFactory@5fcd892a: defining beans [AccountFactory,Address,CreditCard,Account,AccountManagerFactory,DaoFactory]; root of factory hierarchy
Jul 01, 2018 8:37:53 PM org.springframework.beans.factory.support.DefaultSingletonBeanRegistry destroySingletons
INFO: Destroying singletons in org.springframework.beans.factory.support.DefaultListableBeanFactory@5fcd892a: defining beans [AccountFactory,Address,CreditCard,Account,AccountManagerFactory,DaoFactory]; root of factory hierarchy
]]></system-err>
  </testcase>
  <testcase name="testGetAccount" classname="test.AccountManagerTest" time="0.034">
    <error message="Cannot find class [uw.edu.fountainejf.SimpleAccountManagerFactory] for bean with name &apos;AccountManagerFactory&apos; defined in class path resource [context.xml]; nested exception is java.lang.ClassNotFoundException: uw.edu.fountainejf.SimpleAccountManagerFactory" type="org.springframework.beans.factory.CannotLoadBeanClassException">org.springframework.beans.factory.CannotLoadBeanClassException: Cannot find class [uw.edu.fountainejf.SimpleAccountManagerFactory] for bean with name 'AccountManagerFactory' defined in class path resource [context.xml]; nested exception is java.lang.ClassNotFoundException: uw.edu.fountainejf.SimpleAccountManagerFactory
	at test.AccountManagerTest.setUp(AccountManagerTest.java:83)
Caused by: java.lang.ClassNotFoundException: uw.edu.fountainejf.SimpleAccountManagerFactory
	at test.AccountManagerTest.setUp(AccountManagerTest.java:83)
</error>
    <system-err><![CDATA[Jul 01, 2018 8:37:53 PM org.springframework.context.support.AbstractApplicationContext prepareRefresh
INFO: Refreshing org.springframework.context.support.ClassPathXmlApplicationContext@8b87145: startup date [Sun Jul 01 20:37:53 PDT 2018]; root of context hierarchy
Jul 01, 2018 8:37:53 PM org.springframework.beans.factory.xml.XmlBeanDefinitionReader loadBeanDefinitions
INFO: Loading XML bean definitions from class path resource [context.xml]
Jul 01, 2018 8:37:53 PM org.springframework.beans.factory.support.DefaultListableBeanFactory preInstantiateSingletons
INFO: Pre-instantiating singletons in org.springframework.beans.factory.support.DefaultListableBeanFactory@27fe3806: defining beans [AccountFactory,Address,CreditCard,Account,AccountManagerFactory,DaoFactory]; root of factory hierarchy
Jul 01, 2018 8:37:53 PM org.springframework.beans.factory.support.DefaultSingletonBeanRegistry destroySingletons
INFO: Destroying singletons in org.springframework.beans.factory.support.DefaultListableBeanFactory@27fe3806: defining beans [AccountFactory,Address,CreditCard,Account,AccountManagerFactory,DaoFactory]; root of factory hierarchy
]]></system-err>
  </testcase>
  <testcase name="testValidate" classname="test.AccountManagerTest" time="0.046">
    <error message="Cannot find class [uw.edu.fountainejf.SimpleAccountManagerFactory] for bean with name &apos;AccountManagerFactory&apos; defined in class path resource [context.xml]; nested exception is java.lang.ClassNotFoundException: uw.edu.fountainejf.SimpleAccountManagerFactory" type="org.springframework.beans.factory.CannotLoadBeanClassException">org.springframework.beans.factory.CannotLoadBeanClassException: Cannot find class [uw.edu.fountainejf.SimpleAccountManagerFactory] for bean with name 'AccountManagerFactory' defined in class path resource [context.xml]; nested exception is java.lang.ClassNotFoundException: uw.edu.fountainejf.SimpleAccountManagerFactory
	at test.AccountManagerTest.setUp(AccountManagerTest.java:83)
Caused by: java.lang.ClassNotFoundException: uw.edu.fountainejf.SimpleAccountManagerFactory
	at test.AccountManagerTest.setUp(AccountManagerTest.java:83)
</error>
    <system-err><![CDATA[Jul 01, 2018 8:37:53 PM org.springframework.context.support.AbstractApplicationContext prepareRefresh
INFO: Refreshing org.springframework.context.support.ClassPathXmlApplicationContext@5f71c76a: startup date [Sun Jul 01 20:37:53 PDT 2018]; root of context hierarchy
Jul 01, 2018 8:37:53 PM org.springframework.beans.factory.xml.XmlBeanDefinitionReader loadBeanDefinitions
INFO: Loading XML bean definitions from class path resource [context.xml]
Jul 01, 2018 8:37:53 PM org.springframework.beans.factory.support.DefaultListableBeanFactory preInstantiateSingletons
INFO: Pre-instantiating singletons in org.springframework.beans.factory.support.DefaultListableBeanFactory@3439f68d: defining beans [AccountFactory,Address,CreditCard,Account,AccountManagerFactory,DaoFactory]; root of factory hierarchy
Jul 01, 2018 8:37:53 PM org.springframework.beans.factory.support.DefaultSingletonBeanRegistry destroySingletons
INFO: Destroying singletons in org.springframework.beans.factory.support.DefaultListableBeanFactory@3439f68d: defining beans [AccountFactory,Address,CreditCard,Account,AccountManagerFactory,DaoFactory]; root of factory hierarchy
]]></system-err>
  </testcase>
  <testcase name="testRegistration" classname="test.AccountManagerTest" time="0.054">
    <error message="Cannot find class [uw.edu.fountainejf.SimpleAccountManagerFactory] for bean with name &apos;AccountManagerFactory&apos; defined in class path resource [context.xml]; nested exception is java.lang.ClassNotFoundException: uw.edu.fountainejf.SimpleAccountManagerFactory" type="org.springframework.beans.factory.CannotLoadBeanClassException">org.springframework.beans.factory.CannotLoadBeanClassException: Cannot find class [uw.edu.fountainejf.SimpleAccountManagerFactory] for bean with name 'AccountManagerFactory' defined in class path resource [context.xml]; nested exception is java.lang.ClassNotFoundException: uw.edu.fountainejf.SimpleAccountManagerFactory
	at test.AccountManagerTest.setUp(AccountManagerTest.java:83)
Caused by: java.lang.ClassNotFoundException: uw.edu.fountainejf.SimpleAccountManagerFactory
	at test.AccountManagerTest.setUp(AccountManagerTest.java:83)
</error>
    <system-err><![CDATA[Jul 01, 2018 8:37:53 PM org.springframework.context.support.AbstractApplicationContext prepareRefresh
INFO: Refreshing org.springframework.context.support.ClassPathXmlApplicationContext@dbd940d: startup date [Sun Jul 01 20:37:53 PDT 2018]; root of context hierarchy
Jul 01, 2018 8:37:53 PM org.springframework.beans.factory.xml.XmlBeanDefinitionReader loadBeanDefinitions
INFO: Loading XML bean definitions from class path resource [context.xml]
Jul 01, 2018 8:37:53 PM org.springframework.beans.factory.support.DefaultListableBeanFactory preInstantiateSingletons
INFO: Pre-instantiating singletons in org.springframework.beans.factory.support.DefaultListableBeanFactory@1188e820: defining beans [AccountFactory,Address,CreditCard,Account,AccountManagerFactory,DaoFactory]; root of factory hierarchy
Jul 01, 2018 8:37:53 PM org.springframework.beans.factory.support.DefaultSingletonBeanRegistry destroySingletons
INFO: Destroying singletons in org.springframework.beans.factory.support.DefaultListableBeanFactory@1188e820: defining beans [AccountFactory,Address,CreditCard,Account,AccountManagerFactory,DaoFactory]; root of factory hierarchy
]]></system-err>
  </testcase>
  <testcase name="testDeleteAccount" classname="test.AccountManagerTest" time="0.048">
    <error message="Cannot find class [uw.edu.fountainejf.SimpleAccountManagerFactory] for bean with name &apos;AccountManagerFactory&apos; defined in class path resource [context.xml]; nested exception is java.lang.ClassNotFoundException: uw.edu.fountainejf.SimpleAccountManagerFactory" type="org.springframework.beans.factory.CannotLoadBeanClassException">org.springframework.beans.factory.CannotLoadBeanClassException: Cannot find class [uw.edu.fountainejf.SimpleAccountManagerFactory] for bean with name 'AccountManagerFactory' defined in class path resource [context.xml]; nested exception is java.lang.ClassNotFoundException: uw.edu.fountainejf.SimpleAccountManagerFactory
	at test.AccountManagerTest.setUp(AccountManagerTest.java:83)
Caused by: java.lang.ClassNotFoundException: uw.edu.fountainejf.SimpleAccountManagerFactory
	at test.AccountManagerTest.setUp(AccountManagerTest.java:83)
</error>
    <system-err><![CDATA[Jul 01, 2018 8:37:53 PM org.springframework.context.support.AbstractApplicationContext prepareRefresh
INFO: Refreshing org.springframework.context.support.ClassPathXmlApplicationContext@2f490758: startup date [Sun Jul 01 20:37:53 PDT 2018]; root of context hierarchy
Jul 01, 2018 8:37:53 PM org.springframework.beans.factory.xml.XmlBeanDefinitionReader loadBeanDefinitions
INFO: Loading XML bean definitions from class path resource [context.xml]
Jul 01, 2018 8:37:53 PM org.springframework.beans.factory.support.DefaultListableBeanFactory preInstantiateSingletons
INFO: Pre-instantiating singletons in org.springframework.beans.factory.support.DefaultListableBeanFactory@517cd4b: defining beans [AccountFactory,Address,CreditCard,Account,AccountManagerFactory,DaoFactory]; root of factory hierarchy
Jul 01, 2018 8:37:53 PM org.springframework.beans.factory.support.DefaultSingletonBeanRegistry destroySingletons
INFO: Destroying singletons in org.springframework.beans.factory.support.DefaultListableBeanFactory@517cd4b: defining beans [AccountFactory,Address,CreditCard,Account,AccountManagerFactory,DaoFactory]; root of factory hierarchy
]]></system-err>
  </testcase>
  <testcase name="testMultipleGetAccount" classname="test.AccountManagerTest" time="0.034">
    <error message="Cannot find class [uw.edu.fountainejf.SimpleAccountManagerFactory] for bean with name &apos;AccountManagerFactory&apos; defined in class path resource [context.xml]; nested exception is java.lang.ClassNotFoundException: uw.edu.fountainejf.SimpleAccountManagerFactory" type="org.springframework.beans.factory.CannotLoadBeanClassException">org.springframework.beans.factory.CannotLoadBeanClassException: Cannot find class [uw.edu.fountainejf.SimpleAccountManagerFactory] for bean with name 'AccountManagerFactory' defined in class path resource [context.xml]; nested exception is java.lang.ClassNotFoundException: uw.edu.fountainejf.SimpleAccountManagerFactory
	at test.AccountManagerTest.setUp(AccountManagerTest.java:83)
Caused by: java.lang.ClassNotFoundException: uw.edu.fountainejf.SimpleAccountManagerFactory
	at test.AccountManagerTest.setUp(AccountManagerTest.java:83)
</error>
    <system-err><![CDATA[Jul 01, 2018 8:37:53 PM org.springframework.context.support.AbstractApplicationContext prepareRefresh
INFO: Refreshing org.springframework.context.support.ClassPathXmlApplicationContext@6cc7b4de: startup date [Sun Jul 01 20:37:53 PDT 2018]; root of context hierarchy
Jul 01, 2018 8:37:53 PM org.springframework.beans.factory.xml.XmlBeanDefinitionReader loadBeanDefinitions
INFO: Loading XML bean definitions from class path resource [context.xml]
Jul 01, 2018 8:37:53 PM org.springframework.beans.factory.support.DefaultListableBeanFactory preInstantiateSingletons
INFO: Pre-instantiating singletons in org.springframework.beans.factory.support.DefaultListableBeanFactory@32a068d1: defining beans [AccountFactory,Address,CreditCard,Account,AccountManagerFactory,DaoFactory]; root of factory hierarchy
Jul 01, 2018 8:37:53 PM org.springframework.beans.factory.support.DefaultSingletonBeanRegistry destroySingletons
INFO: Destroying singletons in org.springframework.beans.factory.support.DefaultListableBeanFactory@32a068d1: defining beans [AccountFactory,Address,CreditCard,Account,AccountManagerFactory,DaoFactory]; root of factory hierarchy
]]></system-err>
  </testcase>
  <testcase name="testClose" classname="test.DaoTest" time="0.072">
    <error message="Cannot find class [uw.edu.fountainejf.SimpleAccountManagerFactory] for bean with name &apos;AccountManagerFactory&apos; defined in class path resource [context.xml]; nested exception is java.lang.ClassNotFoundException: uw.edu.fountainejf.SimpleAccountManagerFactory" type="org.springframework.beans.factory.CannotLoadBeanClassException">org.springframework.beans.factory.CannotLoadBeanClassException: Cannot find class [uw.edu.fountainejf.SimpleAccountManagerFactory] for bean with name 'AccountManagerFactory' defined in class path resource [context.xml]; nested exception is java.lang.ClassNotFoundException: uw.edu.fountainejf.SimpleAccountManagerFactory
	at test.DaoTest.setUp(DaoTest.java:189)
Caused by: java.lang.ClassNotFoundException: uw.edu.fountainejf.SimpleAccountManagerFactory
	at test.DaoTest.setUp(DaoTest.java:189)
</error>
    <system-err><![CDATA[Jul 01, 2018 8:37:53 PM org.springframework.context.support.AbstractApplicationContext prepareRefresh
INFO: Refreshing org.springframework.context.support.ClassPathXmlApplicationContext@33cb5951: startup date [Sun Jul 01 20:37:53 PDT 2018]; root of context hierarchy
Jul 01, 2018 8:37:53 PM org.springframework.beans.factory.xml.XmlBeanDefinitionReader loadBeanDefinitions
INFO: Loading XML bean definitions from class path resource [context.xml]
Jul 01, 2018 8:37:53 PM org.springframework.beans.factory.support.DefaultListableBeanFactory preInstantiateSingletons
INFO: Pre-instantiating singletons in org.springframework.beans.factory.support.DefaultListableBeanFactory@1176dcec: defining beans [AccountFactory,Address,CreditCard,Account,AccountManagerFactory,DaoFactory]; root of factory hierarchy
Jul 01, 2018 8:37:53 PM org.springframework.beans.factory.support.DefaultSingletonBeanRegistry destroySingletons
INFO: Destroying singletons in org.springframework.beans.factory.support.DefaultListableBeanFactory@1176dcec: defining beans [AccountFactory,Address,CreditCard,Account,AccountManagerFactory,DaoFactory]; root of factory hierarchy
]]></system-err>
  </testcase>
  <testcase name="testReset" classname="test.DaoTest" time="0.037">
    <error message="Cannot find class [uw.edu.fountainejf.SimpleAccountManagerFactory] for bean with name &apos;AccountManagerFactory&apos; defined in class path resource [context.xml]; nested exception is java.lang.ClassNotFoundException: uw.edu.fountainejf.SimpleAccountManagerFactory" type="org.springframework.beans.factory.CannotLoadBeanClassException">org.springframework.beans.factory.CannotLoadBeanClassException: Cannot find class [uw.edu.fountainejf.SimpleAccountManagerFactory] for bean with name 'AccountManagerFactory' defined in class path resource [context.xml]; nested exception is java.lang.ClassNotFoundException: uw.edu.fountainejf.SimpleAccountManagerFactory
	at test.DaoTest.setUp(DaoTest.java:189)
Caused by: java.lang.ClassNotFoundException: uw.edu.fountainejf.SimpleAccountManagerFactory
	at test.DaoTest.setUp(DaoTest.java:189)
</error>
    <system-err><![CDATA[Jul 01, 2018 8:37:53 PM org.springframework.context.support.AbstractApplicationContext prepareRefresh
INFO: Refreshing org.springframework.context.support.ClassPathXmlApplicationContext@120d6fe6: startup date [Sun Jul 01 20:37:53 PDT 2018]; root of context hierarchy
Jul 01, 2018 8:37:53 PM org.springframework.beans.factory.xml.XmlBeanDefinitionReader loadBeanDefinitions
INFO: Loading XML bean definitions from class path resource [context.xml]
Jul 01, 2018 8:37:53 PM org.springframework.beans.factory.support.DefaultListableBeanFactory preInstantiateSingletons
INFO: Pre-instantiating singletons in org.springframework.beans.factory.support.DefaultListableBeanFactory@16267862: defining beans [AccountFactory,Address,CreditCard,Account,AccountManagerFactory,DaoFactory]; root of factory hierarchy
Jul 01, 2018 8:37:53 PM org.springframework.beans.factory.support.DefaultSingletonBeanRegistry destroySingletons
INFO: Destroying singletons in org.springframework.beans.factory.support.DefaultListableBeanFactory@16267862: defining beans [AccountFactory,Address,CreditCard,Account,AccountManagerFactory,DaoFactory]; root of factory hierarchy
]]></system-err>
  </testcase>
  <testcase name="testDelete" classname="test.DaoTest" time="0.056">
    <error message="Cannot find class [uw.edu.fountainejf.SimpleAccountManagerFactory] for bean with name &apos;AccountManagerFactory&apos; defined in class path resource [context.xml]; nested exception is java.lang.ClassNotFoundException: uw.edu.fountainejf.SimpleAccountManagerFactory" type="org.springframework.beans.factory.CannotLoadBeanClassException">org.springframework.beans.factory.CannotLoadBeanClassException: Cannot find class [uw.edu.fountainejf.SimpleAccountManagerFactory] for bean with name 'AccountManagerFactory' defined in class path resource [context.xml]; nested exception is java.lang.ClassNotFoundException: uw.edu.fountainejf.SimpleAccountManagerFactory
	at test.DaoTest.setUp(DaoTest.java:189)
Caused by: java.lang.ClassNotFoundException: uw.edu.fountainejf.SimpleAccountManagerFactory
	at test.DaoTest.setUp(DaoTest.java:189)
</error>
    <system-err><![CDATA[Jul 01, 2018 8:37:53 PM org.springframework.context.support.AbstractApplicationContext prepareRefresh
INFO: Refreshing org.springframework.context.support.ClassPathXmlApplicationContext@453da22c: startup date [Sun Jul 01 20:37:53 PDT 2018]; root of context hierarchy
Jul 01, 2018 8:37:53 PM org.springframework.beans.factory.xml.XmlBeanDefinitionReader loadBeanDefinitions
INFO: Loading XML bean definitions from class path resource [context.xml]
Jul 01, 2018 8:37:53 PM org.springframework.beans.factory.support.DefaultListableBeanFactory preInstantiateSingletons
INFO: Pre-instantiating singletons in org.springframework.beans.factory.support.DefaultListableBeanFactory@15d9bc04: defining beans [AccountFactory,Address,CreditCard,Account,AccountManagerFactory,DaoFactory]; root of factory hierarchy
Jul 01, 2018 8:37:53 PM org.springframework.beans.factory.support.DefaultSingletonBeanRegistry destroySingletons
INFO: Destroying singletons in org.springframework.beans.factory.support.DefaultListableBeanFactory@15d9bc04: defining beans [AccountFactory,Address,CreditCard,Account,AccountManagerFactory,DaoFactory]; root of factory hierarchy
]]></system-err>
  </testcase>
  <testcase name="testReload" classname="test.DaoTest" time="0.024">
    <error message="Cannot find class [uw.edu.fountainejf.SimpleAccountManagerFactory] for bean with name &apos;AccountManagerFactory&apos; defined in class path resource [context.xml]; nested exception is java.lang.ClassNotFoundException: uw.edu.fountainejf.SimpleAccountManagerFactory" type="org.springframework.beans.factory.CannotLoadBeanClassException">org.springframework.beans.factory.CannotLoadBeanClassException: Cannot find class [uw.edu.fountainejf.SimpleAccountManagerFactory] for bean with name 'AccountManagerFactory' defined in class path resource [context.xml]; nested exception is java.lang.ClassNotFoundException: uw.edu.fountainejf.SimpleAccountManagerFactory
	at test.DaoTest.setUp(DaoTest.java:189)
Caused by: java.lang.ClassNotFoundException: uw.edu.fountainejf.SimpleAccountManagerFactory
	at test.DaoTest.setUp(DaoTest.java:189)
</error>
    <system-err><![CDATA[Jul 01, 2018 8:37:53 PM org.springframework.context.support.AbstractApplicationContext prepareRefresh
INFO: Refreshing org.springframework.context.support.ClassPathXmlApplicationContext@516be40f: startup date [Sun Jul 01 20:37:53 PDT 2018]; root of context hierarchy
Jul 01, 2018 8:37:53 PM org.springframework.beans.factory.xml.XmlBeanDefinitionReader loadBeanDefinitions
INFO: Loading XML bean definitions from class path resource [context.xml]
Jul 01, 2018 8:37:53 PM org.springframework.beans.factory.support.DefaultListableBeanFactory preInstantiateSingletons
INFO: Pre-instantiating singletons in org.springframework.beans.factory.support.DefaultListableBeanFactory@7364985f: defining beans [AccountFactory,Address,CreditCard,Account,AccountManagerFactory,DaoFactory]; root of factory hierarchy
Jul 01, 2018 8:37:53 PM org.springframework.beans.factory.support.DefaultSingletonBeanRegistry destroySingletons
INFO: Destroying singletons in org.springframework.beans.factory.support.DefaultListableBeanFactory@7364985f: defining beans [AccountFactory,Address,CreditCard,Account,AccountManagerFactory,DaoFactory]; root of factory hierarchy
]]></system-err>
  </testcase>
  <testcase name="testSetGet" classname="test.DaoTest" time="0.053">
    <error message="Cannot find class [uw.edu.fountainejf.SimpleAccountManagerFactory] for bean with name &apos;AccountManagerFactory&apos; defined in class path resource [context.xml]; nested exception is java.lang.ClassNotFoundException: uw.edu.fountainejf.SimpleAccountManagerFactory" type="org.springframework.beans.factory.CannotLoadBeanClassException">org.springframework.beans.factory.CannotLoadBeanClassException: Cannot find class [uw.edu.fountainejf.SimpleAccountManagerFactory] for bean with name 'AccountManagerFactory' defined in class path resource [context.xml]; nested exception is java.lang.ClassNotFoundException: uw.edu.fountainejf.SimpleAccountManagerFactory
	at test.DaoTest.setUp(DaoTest.java:189)
Caused by: java.lang.ClassNotFoundException: uw.edu.fountainejf.SimpleAccountManagerFactory
	at test.DaoTest.setUp(DaoTest.java:189)
</error>
    <system-err><![CDATA[Jul 01, 2018 8:37:53 PM org.springframework.context.support.AbstractApplicationContext prepareRefresh
INFO: Refreshing org.springframework.context.support.ClassPathXmlApplicationContext@5d20e46: startup date [Sun Jul 01 20:37:53 PDT 2018]; root of context hierarchy
Jul 01, 2018 8:37:53 PM org.springframework.beans.factory.xml.XmlBeanDefinitionReader loadBeanDefinitions
INFO: Loading XML bean definitions from class path resource [context.xml]
Jul 01, 2018 8:37:53 PM org.springframework.beans.factory.support.DefaultListableBeanFactory preInstantiateSingletons
INFO: Pre-instantiating singletons in org.springframework.beans.factory.support.DefaultListableBeanFactory@4d49af10: defining beans [AccountFactory,Address,CreditCard,Account,AccountManagerFactory,DaoFactory]; root of factory hierarchy
Jul 01, 2018 8:37:53 PM org.springframework.beans.factory.support.DefaultSingletonBeanRegistry destroySingletons
INFO: Destroying singletons in org.springframework.beans.factory.support.DefaultListableBeanFactory@4d49af10: defining beans [AccountFactory,Address,CreditCard,Account,AccountManagerFactory,DaoFactory]; root of factory hierarchy
]]></system-err>
  </testcase>
</testsuite>